<?xml version="1.0" encoding="UTF-8"?>
<!-- Generated by org.testng.reporters.JUnitReportReporter -->
<testsuite skipped="0" hostname="DESKTOP-MK5KMDR" name="com.codebase.BingTestClass" tests="5" failures="0" timestamp="10 Feb 2019 18:43:32 GMT" time="1.192" errors="0">
  <testcase name="Test05_Verify_MapsIcon" time="0.131" classname="com.codebase.BingTestClass"/>
  <testcase name="Test01_Verify_Bing_Title" time="0.056" classname="com.codebase.BingTestClass"/>
  <testcase name="Test02_Verify_Bing_Log" time="0.538" classname="com.codebase.BingTestClass"/>
  <testcase name="Test04_Verify_Camericon" time="0.216" classname="com.codebase.BingTestClass"/>
  <testcase name="Test03_Verify_Search_Text_Box" time="0.251" classname="com.codebase.BingTestClass"/>
</testsuite> <!-- com.codebase.BingTestClass -->
