<?xml version="1.0" encoding="UTF-8"?>
<!-- Generated by org.testng.reporters.JUnitReportReporter -->
<testsuite skipped="0" hostname="DESKTOP-MK5KMDR" name="com.codebase.AmazonTestClass" tests="2" failures="0" timestamp="16 Mar 2019 13:28:58 GMT" time="1.108" errors="0">
  <testcase name="Test01_Verify_Amazon_Title" time="0.216" classname="com.codebase.AmazonTestClass"/>
  <testcase name="Test01_Verify_Amazon_Logo" time="0.892" classname="com.codebase.AmazonTestClass"/>
</testsuite> <!-- com.codebase.AmazonTestClass -->
