<?xml version="1.0" encoding="UTF-8"?>
<!-- Generated by org.testng.reporters.JUnitReportReporter -->
<testsuite skipped="0" hostname="DESKTOP-MK5KMDR" name="com.codebase.FacebookTestClass" tests="2" failures="0" timestamp="16 Mar 2019 12:58:26 GMT" time="0.513" errors="0">
  <testcase name="Test01_Verify_Facebook_Title" time="0.017" classname="com.codebase.FacebookTestClass"/>
  <testcase name="Test01_Verfiy_Facebook_Logo" time="0.496" classname="com.codebase.FacebookTestClass"/>
</testsuite> <!-- com.codebase.FacebookTestClass -->
