<?xml version="1.0" encoding="UTF-8"?>
<!-- Generated by org.testng.reporters.JUnitReportReporter -->
<testsuite skipped="0" hostname="DESKTOP-MK5KMDR" name="com.codebase.ZiprecruiterTestClass" tests="1" failures="0" timestamp="16 Mar 2019 11:46:12 GMT" time="0.007" errors="0">
  <testcase name="Test01_Verify_YouTube_Title" time="0.007" classname="com.codebase.ZiprecruiterTestClass"/>
</testsuite> <!-- com.codebase.ZiprecruiterTestClass -->
