<?xml version="1.0" encoding="UTF-8"?>
<!-- Generated by org.testng.reporters.JUnitReportReporter -->
<testsuite skipped="0" hostname="DESKTOP-MK5KMDR" name="com.codebase.LinkedinTestClass" tests="1" failures="0" timestamp="16 Feb 2019 12:56:30 GMT" time="0.010" errors="0">
  <testcase name="Test01_Verify_YouTube_Title" time="0.010" classname="com.codebase.LinkedinTestClass"/>
</testsuite> <!-- com.codebase.LinkedinTestClass -->
